2020-05-03 21:13:07,997 DEBUG    root            Loaded Command Group: ['gcloud', 'init']
2020-05-03 21:13:07,999 DEBUG    root            Running [gcloud.init] with arguments: []
2020-05-03 21:13:07,999 INFO     ___FILE_ONLY___ Welcome! This command will take you through the configuration of gcloud.


2020-05-03 21:13:08,001 INFO     ___FILE_ONLY___ Your current configuration has been set to: [default]


2020-05-03 21:13:08,001 INFO     ___FILE_ONLY___ You can skip diagnostics next time by using the following flag:

2020-05-03 21:13:08,001 INFO     ___FILE_ONLY___   gcloud init --skip-diagnostics


2020-05-03 21:13:08,001 INFO     ___FILE_ONLY___ Network diagnostic detects and fixes local network connection issues.

2020-05-03 21:13:08,002 INFO     ___FILE_ONLY___ Checking network connection...
2020-05-03 21:13:36,081 INFO     ___FILE_ONLY___ Reachability Check passed.

2020-05-03 21:13:36,082 INFO     ___FILE_ONLY___ Network diagnostic passed (1/1 checks passed).


2020-05-03 21:13:39,874 DEBUG    root            Loaded Command Group: ['gcloud', 'auth']
2020-05-03 21:13:39,948 DEBUG    root            Loaded Command Group: ['gcloud', 'auth', 'login']
2020-05-03 21:13:39,949 INFO     root            Executing: [gcloud auth login --force --brief]
2020-05-03 21:13:39,951 DEBUG    root            Running [gcloud.auth.login] with arguments: [--brief: "True", --force: "True"]
2020-05-03 21:13:40,017 DEBUG    requests_oauthlib.oauth2_session Generated new state eK7XvM2B3z7ZZnR62Cmwo6XFG2QuDZ.
2020-05-03 21:13:40,133 INFO     ___FILE_ONLY___ Your browser has been opened to visit:

    https://accounts.google.com/o/oauth2/auth?response_type=code&client_id=32555940559.apps.googleusercontent.com&redirect_uri=http%3A%2F%2Flocalhost%3A8085%2F&scope=openid+https%3A%2F%2Fwww.googleapis.com%2Fauth%2Fuserinfo.email+https%3A%2F%2Fwww.googleapis.com%2Fauth%2Fcloud-platform+https%3A%2F%2Fwww.googleapis.com%2Fauth%2Fappengine.admin+https%3A%2F%2Fwww.googleapis.com%2Fauth%2Fcompute+https%3A%2F%2Fwww.googleapis.com%2Fauth%2Faccounts.reauth&state=eK7XvM2B3z7ZZnR62Cmwo6XFG2QuDZ&access_type=offline&code_challenge=52jX80ev27prbCpEfqyiv7f0IfqmeOi1Q5a5cIbcP_E&code_challenge_method=S256


2020-05-03 21:13:59,907 INFO     google_auth_oauthlib.flow "GET /?state=eK7XvM2B3z7ZZnR62Cmwo6XFG2QuDZ&code=4/zQFwZsxqfhK46nbLc1VlKiNNnxOIiR_TkhUy8PXwbb1KKpzh4bsmqxOj8zOjpCzRcH5sV_CaBrAXFQyK6j9FmNI&scope=email%20openid%20https://www.googleapis.com/auth/userinfo.email%20https://www.googleapis.com/auth/cloud-platform%20https://www.googleapis.com/auth/appengine.admin%20https://www.googleapis.com/auth/compute%20https://www.googleapis.com/auth/accounts.reauth&authuser=0&prompt=consent HTTP/1.1" 200 959
2020-05-03 21:13:59,907 DEBUG    requests_oauthlib.oauth2_session Encoding `client_id` "32555940559.apps.googleusercontent.com" with `client_secret` as Basic auth credentials.
2020-05-03 21:13:59,908 DEBUG    requests_oauthlib.oauth2_session Requesting url https://www.googleapis.com/oauth2/v4/token using method POST.
2020-05-03 21:13:59,908 DEBUG    requests_oauthlib.oauth2_session Supplying headers {'Accept': 'application/json', 'Content-Type': 'application/x-www-form-urlencoded;charset=UTF-8'} and data {'grant_type': 'authorization_code', 'code': '4/zQFwZsxqfhK46nbLc1VlKiNNnxOIiR_TkhUy8PXwbb1KKpzh4bsmqxOj8zOjpCzRcH5sV_CaBrAXFQyK6j9FmNI', 'redirect_uri': 'http://localhost:8085/', 'code_verifier': 'qHT42jGHQlKe4uMjV8O2B2fZzIrNf4ZDsXwdHUCnrcA9rexTktAREkJVvlbbc4kbvJfthj5sSHgA648xXpX5yUy1HB.ziMmjbXJRej5JUSFum1ZrJwJdlkiBOyGb5XKW'}
2020-05-03 21:13:59,908 DEBUG    requests_oauthlib.oauth2_session Passing through key word arguments {'json': None, 'timeout': None, 'auth': <requests.auth.HTTPBasicAuth object at 0x7fad5aa71fa0>, 'verify': True, 'proxies': None}.
2020-05-03 21:13:59,910 DEBUG    urllib3.connectionpool Starting new HTTPS connection (1): www.googleapis.com:443
2020-05-03 21:14:00,209 DEBUG    urllib3.connectionpool https://www.googleapis.com:443 "POST /oauth2/v4/token HTTP/1.1" 200 None
2020-05-03 21:14:00,211 DEBUG    requests_oauthlib.oauth2_session Prepared fetch token request body grant_type=authorization_code&code=4%2FzQFwZsxqfhK46nbLc1VlKiNNnxOIiR_TkhUy8PXwbb1KKpzh4bsmqxOj8zOjpCzRcH5sV_CaBrAXFQyK6j9FmNI&redirect_uri=http%3A%2F%2Flocalhost%3A8085%2F&code_verifier=qHT42jGHQlKe4uMjV8O2B2fZzIrNf4ZDsXwdHUCnrcA9rexTktAREkJVvlbbc4kbvJfthj5sSHgA648xXpX5yUy1HB.ziMmjbXJRej5JUSFum1ZrJwJdlkiBOyGb5XKW
2020-05-03 21:14:00,212 DEBUG    requests_oauthlib.oauth2_session Request to fetch token completed with status 200.
2020-05-03 21:14:00,220 DEBUG    requests_oauthlib.oauth2_session Request headers were {'User-Agent': 'python-requests/2.22.0', 'Accept-Encoding': 'gzip, deflate', 'Accept': 'application/json', 'Connection': 'keep-alive', 'Content-Type': 'application/x-www-form-urlencoded;charset=UTF-8', 'Content-Length': '315', 'Authorization': 'Basic MzI1NTU5NDA1NTkuYXBwcy5nb29nbGV1c2VyY29udGVudC5jb206Wm1zc0xOakp5Mjk5OGhENENUZzJlanIy'}
2020-05-03 21:14:00,221 DEBUG    requests_oauthlib.oauth2_session Request body was grant_type=authorization_code&code=4%2FzQFwZsxqfhK46nbLc1VlKiNNnxOIiR_TkhUy8PXwbb1KKpzh4bsmqxOj8zOjpCzRcH5sV_CaBrAXFQyK6j9FmNI&redirect_uri=http%3A%2F%2Flocalhost%3A8085%2F&code_verifier=qHT42jGHQlKe4uMjV8O2B2fZzIrNf4ZDsXwdHUCnrcA9rexTktAREkJVvlbbc4kbvJfthj5sSHgA648xXpX5yUy1HB.ziMmjbXJRej5JUSFum1ZrJwJdlkiBOyGb5XKW
2020-05-03 21:14:00,221 DEBUG    requests_oauthlib.oauth2_session Response headers were {'Content-Type': 'application/json; charset=utf-8', 'Vary': 'Origin, X-Origin, Referer', 'Content-Encoding': 'gzip', 'Date': 'Sun, 03 May 2020 14:14:00 GMT', 'Server': 'scaffolding on HTTPServer2', 'Cache-Control': 'private', 'X-XSS-Protection': '0', 'X-Frame-Options': 'SAMEORIGIN', 'X-Content-Type-Options': 'nosniff', 'Alt-Svc': 'h3-Q050=":443"; ma=2592000,h3-Q049=":443"; ma=2592000,h3-Q048=":443"; ma=2592000,h3-Q046=":443"; ma=2592000,h3-Q043=":443"; ma=2592000,quic=":443"; ma=2592000; v="46,43"', 'Transfer-Encoding': 'chunked'} and content {
  "access_token": "ya29.a0Ae4lvC0-cHp1kTTPF7ZaT4vMb2AWQ-r498oBMBxXIAcff1jB5PvzV7raB2BFcitjz98H8MteV4KhVZmULLYpF6m7dk52Gb755_m5fw-bwNCdUFcgkhxwUvnjrBAonjMCDi9K4dNeasAk6lPbuLCnIqYMnLZ6kNxbjtqwyJtVqPc",
  "expires_in": 3599,
  "refresh_token": "1//0gtMHQ6QncK7_CgYIARAAGBASNwF-L9Ir8WpWGMgAOA23-K5z1ih5rJyEJjwMTR7g_-MhccNBleB1zlCvqf3rQrue0Lbs_KCyeEs",
  "scope": "https://www.googleapis.com/auth/cloud-platform https://www.googleapis.com/auth/appengine.admin https://www.googleapis.com/auth/compute https://www.googleapis.com/auth/accounts.reauth https://www.googleapis.com/auth/userinfo.email openid",
  "token_type": "Bearer",
  "id_token": "eyJhbGciOiJSUzI1NiIsImtpZCI6IjI4Yjc0MWU4ZGU5ODRhNDcxNTlmMTllNmQ3NzgzZTlkNGZhODEwZGIiLCJ0eXAiOiJKV1QifQ.eyJpc3MiOiJodHRwczovL2FjY291bnRzLmdvb2dsZS5jb20iLCJhenAiOiIzMjU1NTk0MDU1OS5hcHBzLmdvb2dsZXVzZXJjb250ZW50LmNvbSIsImF1ZCI6IjMyNTU1OTQwNTU5LmFwcHMuZ29vZ2xldXNlcmNvbnRlbnQuY29tIiwic3ViIjoiMTAyNDc3MjY4MDc2NTMxMzU2OTA5IiwiZW1haWwiOiJicmFtLm11c3Vrb0BnbWFpbC5jb20iLCJlbWFpbF92ZXJpZmllZCI6dHJ1ZSwiYXRfaGFzaCI6InAtOG9Dd3piT0JyaldsbGlra3F4VkEiLCJpYXQiOjE1ODg1MTUyNDAsImV4cCI6MTU4ODUxODg0MH0.Z44cbDY7LC1zs0_njGccEdPkwvRTDykvMPxjZ3F9wC0nmADYiEHkV8q1kk4l23Oo392uXG_xlg1BLYDd7BcAldkQLSuLEo6vvfqN68QWpSrB2YzW9hsdqJGx1gU_5B8A8Xwr_XrpJRltpRbvZQ62od53ZCbbSo9s1-ovHg5UpSGfgDaug0LTrx4akB_oGn1VWg8UmL5MGZHv078sHPSAJyu6LdUfSVfz6jSYexpbe03e5XoO6P70G1vhJHAi8XLDqm2qpAUYS1gmp7BLnZP6NZYVrdWzosjZ-CltmSXj7Zz5VLQcR2OSqXQbGhR8ye-endjWX-t0ixaRwfBtM20Zmw"
}.
2020-05-03 21:14:00,221 DEBUG    requests_oauthlib.oauth2_session Invoking 0 token response hooks.
2020-05-03 21:14:00,222 DEBUG    requests_oauthlib.oauth2_session Obtained token {'access_token': 'ya29.a0Ae4lvC0-cHp1kTTPF7ZaT4vMb2AWQ-r498oBMBxXIAcff1jB5PvzV7raB2BFcitjz98H8MteV4KhVZmULLYpF6m7dk52Gb755_m5fw-bwNCdUFcgkhxwUvnjrBAonjMCDi9K4dNeasAk6lPbuLCnIqYMnLZ6kNxbjtqwyJtVqPc', 'expires_in': 3599, 'refresh_token': '1//0gtMHQ6QncK7_CgYIARAAGBASNwF-L9Ir8WpWGMgAOA23-K5z1ih5rJyEJjwMTR7g_-MhccNBleB1zlCvqf3rQrue0Lbs_KCyeEs', 'scope': ['https://www.googleapis.com/auth/cloud-platform', 'https://www.googleapis.com/auth/appengine.admin', 'https://www.googleapis.com/auth/compute', 'https://www.googleapis.com/auth/accounts.reauth', 'https://www.googleapis.com/auth/userinfo.email', 'openid'], 'token_type': 'Bearer', 'id_token': 'eyJhbGciOiJSUzI1NiIsImtpZCI6IjI4Yjc0MWU4ZGU5ODRhNDcxNTlmMTllNmQ3NzgzZTlkNGZhODEwZGIiLCJ0eXAiOiJKV1QifQ.eyJpc3MiOiJodHRwczovL2FjY291bnRzLmdvb2dsZS5jb20iLCJhenAiOiIzMjU1NTk0MDU1OS5hcHBzLmdvb2dsZXVzZXJjb250ZW50LmNvbSIsImF1ZCI6IjMyNTU1OTQwNTU5LmFwcHMuZ29vZ2xldXNlcmNvbnRlbnQuY29tIiwic3ViIjoiMTAyNDc3MjY4MDc2NTMxMzU2OTA5IiwiZW1haWwiOiJicmFtLm11c3Vrb0BnbWFpbC5jb20iLCJlbWFpbF92ZXJpZmllZCI6dHJ1ZSwiYXRfaGFzaCI6InAtOG9Dd3piT0JyaldsbGlra3F4VkEiLCJpYXQiOjE1ODg1MTUyNDAsImV4cCI6MTU4ODUxODg0MH0.Z44cbDY7LC1zs0_njGccEdPkwvRTDykvMPxjZ3F9wC0nmADYiEHkV8q1kk4l23Oo392uXG_xlg1BLYDd7BcAldkQLSuLEo6vvfqN68QWpSrB2YzW9hsdqJGx1gU_5B8A8Xwr_XrpJRltpRbvZQ62od53ZCbbSo9s1-ovHg5UpSGfgDaug0LTrx4akB_oGn1VWg8UmL5MGZHv078sHPSAJyu6LdUfSVfz6jSYexpbe03e5XoO6P70G1vhJHAi8XLDqm2qpAUYS1gmp7BLnZP6NZYVrdWzosjZ-CltmSXj7Zz5VLQcR2OSqXQbGhR8ye-endjWX-t0ixaRwfBtM20Zmw', 'expires_at': 1588518839.2221723}.
2020-05-03 21:14:00,245 INFO     root            Display format: "none"
2020-05-03 21:14:00,247 DEBUG    root            SDK update checks are disabled.
2020-05-03 21:14:00,253 INFO     ___FILE_ONLY___ You are logged in as: [bram.musuko@gmail.com].


2020-05-03 21:14:49,067 INFO     ___FILE_ONLY___ Your current project has been set to: [celtic-vent-271705].


2020-05-03 21:14:49,137 DEBUG    root            Loaded Command Group: ['gcloud', 'compute']
2020-05-03 21:14:49,139 DEBUG    root            Loaded Command Group: ['gcloud', 'compute', 'project_info']
2020-05-03 21:14:49,153 DEBUG    root            Loaded Command Group: ['gcloud', 'compute', 'project-info', 'describe']
2020-05-03 21:14:49,153 INFO     root            Executing: [gcloud compute project-info describe --quiet]
2020-05-03 21:14:49,155 DEBUG    root            Running [gcloud.compute.project-info.describe] with arguments: [--no-user-output-enabled: "false", --quiet: "True", --verbosity: "none"]
2020-05-03 21:14:55,258 INFO     root            Display disabled.
2020-05-03 21:14:55,259 DEBUG    root            SDK update checks are disabled.
2020-05-03 21:15:05,152 DEBUG    root            Loaded Command Group: ['gcloud', 'compute', 'zones']
2020-05-03 21:15:05,156 DEBUG    root            Loaded Command Group: ['gcloud', 'compute', 'zones', 'list']
2020-05-03 21:15:05,158 INFO     root            Executing: [gcloud compute zones list]
2020-05-03 21:15:05,160 DEBUG    root            Running [gcloud.compute.zones.list] with arguments: [--no-user-output-enabled: "false", --verbosity: "none"]
2020-05-03 21:15:05,168 INFO     root            Display disabled.
2020-05-03 21:15:06,142 DEBUG    root            SDK update checks are disabled.
2020-05-03 21:15:59,872 INFO     ___FILE_ONLY___ Your project default Compute Engine zone has been set to [asia-southeast1-b].
You can change it by running [gcloud config set compute/zone NAME].


2020-05-03 21:15:59,874 DEBUG    root            Loaded Command Group: ['gcloud', 'compute', 'regions']
2020-05-03 21:15:59,876 DEBUG    root            Loaded Command Group: ['gcloud', 'compute', 'regions', 'describe']
2020-05-03 21:15:59,877 INFO     root            Executing: [gcloud compute regions describe https://www.googleapis.com/compute/v1/projects/celtic-vent-271705/regions/asia-southeast1]
2020-05-03 21:15:59,879 DEBUG    root            Running [gcloud.compute.regions.describe] with arguments: [--no-user-output-enabled: "false", --verbosity: "none", NAME: "https://www.googleapis.com/compute/v1/projects/celtic-vent-271705/regions/asia-southeast1"]
2020-05-03 21:16:11,414 INFO     root            Display disabled.
2020-05-03 21:16:11,415 DEBUG    root            SDK update checks are disabled.
2020-05-03 21:16:11,430 INFO     ___FILE_ONLY___ Your project default Compute Engine region has been set to [asia-southeast1].
You can change it by running [gcloud config set compute/region NAME].


2020-05-03 21:16:11,430 DEBUG    root            Executing command: ['/opt/google-cloud-sdk/bin/gsutil', 'config', '-n', '-o', '/home/bram/.boto']
2020-05-03 21:16:12,729 DEBUG    ___FILE_ONLY___ 
2020-05-03 21:16:12,730 DEBUG    ___FILE_ONLY___ This command will create a boto config file at /home/bram/.boto
containing your credentials, based on your responses to the following
questions.

Boto config file "/home/bram/.boto" created. If you need to use a
proxy to access the Internet please see the instructions in that file.

2020-05-03 21:16:12,730 INFO     ___FILE_ONLY___ Created a default .boto configuration file at [/home/bram/.boto]. See this file and
[https://cloud.google.com/storage/docs/gsutil/commands/config] for more
information about configuring Google Cloud Storage.

2020-05-03 21:16:12,730 INFO     ___FILE_ONLY___ Your Google Cloud SDK is configured and ready to use!


2020-05-03 21:16:12,730 INFO     ___FILE_ONLY___ * Commands that require authentication will use bram.musuko@gmail.com by default

2020-05-03 21:16:12,731 INFO     ___FILE_ONLY___ * Commands will reference project `celtic-vent-271705` by default

2020-05-03 21:16:12,731 INFO     ___FILE_ONLY___ * Compute Engine commands will use region `asia-southeast1` by default

2020-05-03 21:16:12,731 INFO     ___FILE_ONLY___ * Compute Engine commands will use zone `asia-southeast1-b` by default


2020-05-03 21:16:12,731 INFO     ___FILE_ONLY___ Run `gcloud help config` to learn how to change individual settings


2020-05-03 21:16:12,731 INFO     ___FILE_ONLY___ This gcloud configuration is called [default]. You can create additional configurations if you work with multiple accounts and/or projects.

2020-05-03 21:16:12,731 INFO     ___FILE_ONLY___ Run `gcloud topic configurations` to learn more.


2020-05-03 21:16:12,731 INFO     ___FILE_ONLY___ Some things to try next:


2020-05-03 21:16:12,732 INFO     ___FILE_ONLY___ * Run `gcloud --help` to see the Cloud Platform services you can interact with. And run `gcloud help COMMAND` to get help on any gcloud command.

2020-05-03 21:16:12,732 INFO     ___FILE_ONLY___ * Run `gcloud topic --help` to learn about advanced features of the SDK like arg files and output formatting

2020-05-03 21:16:12,733 INFO     root            Display format: "default"
2020-05-03 21:16:12,733 DEBUG    root            SDK update checks are disabled.
